2026-01-30 09:05:08 [INFO] Starting PyG GraphSAGE run
2026-01-30 09:05:08 [INFO] Checking for conflicting environment modules
2026-01-30 09:05:08 [INFO] Module 'intelpython/2022.3.1' is loaded. Attempting to unload...
2026-01-30 09:05:08 [INFO] 'intelpython/2022.3.1' unloaded successfully.
2026-01-30 09:05:08 [INFO] Executing model script in: /work/1/AC2/watanuki/gnn-modelzoo-v2.6
2026-01-30 09:05:08 [INFO] Executing: uv run src/cerebras/modelzoo/models/gnn/graphsage_pyg.py --config src/cerebras/modelzoo/models/gnn/configs/params_graphsage_ogbn_arxiv.yaml
[ddp] Single-process mode: device=cuda
[Info] Running in Single-Process mode (CPU or Single GPU).
[Info] Device: cuda
[GraphCache] Auto-detected memory. Free: 84.55GB. Target Cache: 100.0%
[GraphCache] Caching 169343 / 169343 nodes (100.0%) on cuda...
[GraphCache] Moving features to GPU...
[GraphCache] Layout complete. Cached features size: torch.Size([169343, 128])
[Step=0020] Wall=21.6923s | Loss=4.6813
[Profile] Avg ms/step | Load: 0.850 (Prep: 0.041, Struc: 0.384, Fetch: 0.425) | Fwd: 8.513 | Bwd: 9.720 | Opt: 0.493 | GPU_Tot: 19.536
[Throughput] Samples: 208262.51 samples/s (208254.41) | Edges: 22077556.91 edges/s (22077443.43)
[Step=0040] Wall=22.2032s | Loss=2.4688
[Profile] Avg ms/step | Load: 5.070 (Prep: 4.322, Struc: 0.324, Fetch: 0.424) | Fwd: 8.383 | Bwd: 9.576 | Opt: 0.485 | GPU_Tot: 19.192
[Throughput] Samples: 169040.73 samples/s (175667.92) | Edges: 18079019.21 edges/s (18754817.59)
[Step=0060] Wall=22.6880s | Loss=1.9170
[Profile] Avg ms/step | Load: 5.405 (Prep: 4.661, Struc: 0.311, Fetch: 0.433) | Fwd: 8.349 | Bwd: 9.535 | Opt: 0.489 | GPU_Tot: 19.117
[Throughput] Samples: 166275.65 samples/s (167611.03) | Edges: 17790365.40 edges/s (17923353.96)
[Step=0080] Wall=23.1872s | Loss=1.6522
[Profile] Avg ms/step | Load: 5.761 (Prep: 5.031, Struc: 0.302, Fetch: 0.429) | Fwd: 8.330 | Bwd: 9.518 | Opt: 0.490 | GPU_Tot: 19.068
[Throughput] Samples: 163710.06 samples/s (161593.08) | Edges: 17514290.03 edges/s (17282172.44)
[Step=0100] Wall=23.7050s | Loss=1.4783
[Profile] Avg ms/step | Load: 6.164 (Prep: 5.439, Struc: 0.298, Fetch: 0.428) | Fwd: 8.321 | Bwd: 9.510 | Opt: 0.489 | GPU_Tot: 19.046
[Throughput] Samples: 160936.43 samples/s (155763.39) | Edges: 17222375.61 edges/s (16674219.59)
[Step=0120] Wall=24.2003s | Loss=1.3672
[Profile] Avg ms/step | Load: 6.203 (Prep: 5.480, Struc: 0.296, Fetch: 0.427) | Fwd: 8.320 | Bwd: 9.510 | Opt: 0.491 | GPU_Tot: 19.044
[Throughput] Samples: 160549.67 samples/s (157600.08) | Edges: 17194079.83 edges/s (16910387.27)
[Step=0140] Wall=24.6800s | Loss=1.3123
[Profile] Avg ms/step | Load: 6.121 (Prep: 5.400, Struc: 0.294, Fetch: 0.427) | Fwd: 8.315 | Bwd: 9.505 | Opt: 0.491 | GPU_Tot: 19.032
[Throughput] Samples: 161064.29 samples/s (161419.43) | Edges: 17250223.67 edges/s (17304226.78)
[Step=0160] Wall=25.0779s | Loss=1.2662
[Profile] Avg ms/step | Load: 5.458 (Prep: 4.739, Struc: 0.293, Fetch: 0.426) | Fwd: 8.339 | Bwd: 9.537 | Opt: 0.487 | GPU_Tot: 19.082
[Throughput] Samples: 166042.22 samples/s (188095.49) | Edges: 17765698.38 edges/s (20056239.88)
[Step=0180] Wall=25.5705s | Loss=1.2350
[Profile] Avg ms/step | Load: 5.558 (Prep: 4.840, Struc: 0.293, Fetch: 0.425) | Fwd: 8.334 | Bwd: 9.530 | Opt: 0.487 | GPU_Tot: 19.069
[Throughput] Samples: 165271.52 samples/s (171038.28) | Edges: 17684610.87 edges/s (18279464.00)
[Step=0200] Wall=26.0571s | Loss=1.1973
[Profile] Avg ms/step | Load: 5.602 (Prep: 4.884, Struc: 0.292, Fetch: 0.426) | Fwd: 8.331 | Bwd: 9.527 | Opt: 0.488 | GPU_Tot: 19.063
[Throughput] Samples: 164882.81 samples/s (165392.12) | Edges: 17647451.19 edges/s (17713557.60)
[Step=0220] Wall=26.5330s | Loss=1.1958
[Profile] Avg ms/step | Load: 5.589 (Prep: 4.873, Struc: 0.291, Fetch: 0.425) | Fwd: 8.327 | Bwd: 9.522 | Opt: 0.488 | GPU_Tot: 19.054
[Throughput] Samples: 164918.52 samples/s (165313.32) | Edges: 17652561.57 edges/s (17706348.67)
[Step=0240] Wall=27.0787s | Loss=1.1598
[Profile] Avg ms/step | Load: 5.883 (Prep: 5.168, Struc: 0.291, Fetch: 0.424) | Fwd: 8.324 | Bwd: 9.520 | Opt: 0.486 | GPU_Tot: 19.045
[Throughput] Samples: 162886.63 samples/s (152603.57) | Edges: 17436816.96 edges/s (16349718.52)
[Step=0260] Wall=27.5814s | Loss=1.1493
[Profile] Avg ms/step | Load: 5.958 (Prep: 5.245, Struc: 0.290, Fetch: 0.423) | Fwd: 8.321 | Bwd: 9.517 | Opt: 0.486 | GPU_Tot: 19.038
[Throughput] Samples: 162357.59 samples/s (154930.15) | Edges: 17379061.40 edges/s (16582404.95)
[Step=0280] Wall=28.0930s | Loss=1.1372
[Profile] Avg ms/step | Load: 6.055 (Prep: 5.342, Struc: 0.289, Fetch: 0.423) | Fwd: 8.319 | Bwd: 9.515 | Opt: 0.486 | GPU_Tot: 19.032
[Throughput] Samples: 161687.89 samples/s (154205.43) | Edges: 17308057.54 edges/s (16511079.96)
[Step=0300] Wall=28.5690s | Loss=1.1259
[Profile] Avg ms/step | Load: 6.014 (Prep: 5.303, Struc: 0.289, Fetch: 0.423) | Fwd: 8.318 | Bwd: 9.513 | Opt: 0.486 | GPU_Tot: 19.028
[Throughput] Samples: 161926.51 samples/s (160822.41) | Edges: 17335518.18 edges/s (17234099.50)
[Step=0320] Wall=28.9591s | Loss=1.1070
[Profile] Avg ms/step | Load: 5.674 (Prep: 4.963, Struc: 0.289, Fetch: 0.422) | Fwd: 8.330 | Bwd: 9.527 | Opt: 0.484 | GPU_Tot: 19.052
[Throughput] Samples: 164440.59 samples/s (190350.19) | Edges: 17596024.40 edges/s (20285912.03)
[Step=0340] Wall=29.4696s | Loss=1.0961
[Profile] Avg ms/step | Load: 5.767 (Prep: 5.056, Struc: 0.289, Fetch: 0.422) | Fwd: 8.328 | Bwd: 9.525 | Opt: 0.484 | GPU_Tot: 19.048
[Throughput] Samples: 163775.45 samples/s (168571.27) | Edges: 17526282.02 edges/s (18018426.94)
[Step=0360] Wall=29.9709s | Loss=1.0975
[Profile] Avg ms/step | Load: 5.823 (Prep: 5.113, Struc: 0.288, Fetch: 0.422) | Fwd: 8.326 | Bwd: 9.523 | Opt: 0.484 | GPU_Tot: 19.042
[Throughput] Samples: 163369.35 samples/s (161573.86) | Edges: 17483874.25 edges/s (17292940.91)
[Step=0380] Wall=30.4407s | Loss=1.0786
[Profile] Avg ms/step | Load: 5.787 (Prep: 5.078, Struc: 0.288, Fetch: 0.422) | Fwd: 8.324 | Bwd: 9.521 | Opt: 0.484 | GPU_Tot: 19.039
[Throughput] Samples: 163581.56 samples/s (165075.43) | Edges: 17508187.59 edges/s (17685245.57)
[Step=0400] Wall=30.8828s | Loss=1.0714
[Profile] Avg ms/step | Load: 5.682 (Prep: 4.972, Struc: 0.288, Fetch: 0.422) | Fwd: 8.323 | Bwd: 9.519 | Opt: 0.485 | GPU_Tot: 19.038
[Throughput] Samples: 164256.11 samples/s (172772.75) | Edges: 17581424.48 edges/s (18512018.47)
[Step=0420] Wall=31.3842s | Loss=1.0707
[Profile] Avg ms/step | Load: 5.732 (Prep: 5.022, Struc: 0.288, Fetch: 0.422) | Fwd: 8.323 | Bwd: 9.518 | Opt: 0.486 | GPU_Tot: 19.036
[Throughput] Samples: 163882.31 samples/s (163239.08) | Edges: 17542191.80 edges/s (17489368.45)
[Step=0440] Wall=31.8538s | Loss=1.0639
[Profile] Avg ms/step | Load: 5.703 (Prep: 4.993, Struc: 0.287, Fetch: 0.422) | Fwd: 8.322 | Bwd: 9.517 | Opt: 0.487 | GPU_Tot: 19.035
[Throughput] Samples: 164045.65 samples/s (165786.77) | Edges: 17561405.41 edges/s (17775332.16)
[Step=0460] Wall=32.2339s | Loss=1.0538
[Profile] Avg ms/step | Load: 5.482 (Prep: 4.773, Struc: 0.287, Fetch: 0.422) | Fwd: 8.321 | Bwd: 9.515 | Opt: 0.485 | GPU_Tot: 19.030
[Throughput] Samples: 165564.01 samples/s (190481.49) | Edges: 17725380.70 edges/s (20426703.61)
[Step=0480] Wall=32.7449s | Loss=1.0518
[Profile] Avg ms/step | Load: 5.536 (Prep: 4.827, Struc: 0.287, Fetch: 0.422) | Fwd: 8.329 | Bwd: 9.525 | Opt: 0.485 | GPU_Tot: 19.048
[Throughput] Samples: 165324.95 samples/s (172373.35) | Edges: 17693310.95 edges/s (18382350.54)
[Step=0500] Wall=33.2028s | Loss=1.0415
[Profile] Avg ms/step | Load: 5.495 (Prep: 4.786, Struc: 0.287, Fetch: 0.422) | Fwd: 8.328 | Bwd: 9.524 | Opt: 0.486 | GPU_Tot: 19.047
[Throughput] Samples: 165576.60 samples/s (172004.51) | Edges: 17721942.07 edges/s (18408110.88)
------------------------------------------------------------
Training Completed. Total Steps: 500 (Active: 490)
Avg Breakdown (ms): Load=5.495 [Prep:4.786, Struc:0.287, Fetch:0.422], Fwd=8.328, Bwd=9.524, Opt=0.486
------------------------------------------------------------
Checkpoint saved: ./model_dir_gnn/ogbn_arxiv_graphsage/last.pt
2026-01-30 09:10:44 [INFO] Model execution finished.
2026-01-30 09:10:44 [INFO] Model execution process completed successfully.
2026-01-30 09:10:44 [INFO] run_pyg.sh finished successfully.
