2026-02-01 00:28:36 [INFO] Starting PyG GraphSAGE run
2026-02-01 00:28:36 [INFO] Checking for conflicting environment modules
2026-02-01 00:28:36 [INFO] Module 'intelpython/2022.3.1' is loaded. Attempting to unload...
2026-02-01 00:28:36 [INFO] 'intelpython/2022.3.1' unloaded successfully.
2026-02-01 00:28:36 [INFO] Executing model script in: /work/1/AC2/watanuki/gnn-modelzoo-v2.6
2026-02-01 00:28:36 [INFO] Executing: uv run src/cerebras/modelzoo/models/gnn/graphsage_pyg.py --config src/cerebras/modelzoo/models/gnn/configs/params_graphsage_ogbn_mag.yaml
[ddp] Single-process mode: device=cuda
[Info] Running in Single-Process mode (CPU or Single GPU).
[Info] Device: cuda
[GraphCache] Caching disabled (0 nodes).
[Step=0100] Wall=38.3160s | Loss=4.0240
[Profile] Avg ms/step | Load: 51.782 (Prep: 0.603, Struc: 0.610, Fetch: 50.569) | Fwd: 25.392 | Bwd: 33.160 | Opt: 0.623 | GPU_Tot: 110.354
[Throughput] Samples: 36879.69 samples/s (36879.66) | Edges: 9512237.91 edges/s (9512236.86)
[Step=0200] Wall=49.8184s | Loss=3.0363
[Profile] Avg ms/step | Load: 53.867 (Prep: 3.523, Struc: 0.610, Fetch: 49.734) | Fwd: 25.389 | Bwd: 33.164 | Opt: 0.623 | GPU_Tot: 109.519
[Throughput] Samples: 36144.00 samples/s (36054.67) | Edges: 9331103.98 edges/s (9309111.76)
[Step=0300] Wall=60.7188s | Loss=2.8757
[Profile] Avg ms/step | Load: 52.382 (Prep: 2.456, Struc: 0.610, Fetch: 49.317) | Fwd: 25.414 | Bwd: 33.195 | Opt: 0.623 | GPU_Tot: 109.158
[Throughput] Samples: 36625.95 samples/s (36967.74) | Edges: 9454351.57 edges/s (9542098.65)
[Step=0400] Wall=72.8173s | Loss=2.7900
[Profile] Avg ms/step | Load: 54.750 (Prep: 3.341, Struc: 0.610, Fetch: 50.798) | Fwd: 25.413 | Bwd: 33.200 | Opt: 0.627 | GPU_Tot: 110.648
[Throughput] Samples: 35845.39 samples/s (35040.19) | Edges: 9253737.33 edges/s (9046747.13)
[Step=0500] Wall=84.0416s | Loss=2.7370
[Profile] Avg ms/step | Load: 54.360 (Prep: 3.351, Struc: 0.610, Fetch: 50.399) | Fwd: 25.418 | Bwd: 33.205 | Opt: 0.628 | GPU_Tot: 110.261
[Throughput] Samples: 35953.95 samples/s (35846.67) | Edges: 9281867.77 edges/s (9254731.98)
[Step=0600] Wall=95.0501s | Loss=2.7009
[Profile] Avg ms/step | Load: 53.725 (Prep: 2.867, Struc: 0.610, Fetch: 50.248) | Fwd: 25.424 | Bwd: 33.219 | Opt: 0.628 | GPU_Tot: 110.129
[Throughput] Samples: 36160.77 samples/s (36663.23) | Edges: 9334659.65 edges/s (9463017.12)
[Step=0700] Wall=106.8427s | Loss=2.6693
[Profile] Avg ms/step | Load: 54.430 (Prep: 3.080, Struc: 0.610, Fetch: 50.739) | Fwd: 25.418 | Bwd: 33.219 | Opt: 0.629 | GPU_Tot: 110.615
[Throughput] Samples: 35930.96 samples/s (35443.64) | Edges: 9276040.15 edges/s (9151809.20)
[Step=0800] Wall=118.3317s | Loss=2.6485
[Profile] Avg ms/step | Load: 54.569 (Prep: 3.463, Struc: 0.610, Fetch: 50.496) | Fwd: 25.416 | Bwd: 33.220 | Opt: 0.628 | GPU_Tot: 110.370
[Throughput] Samples: 35881.84 samples/s (35505.12) | Edges: 9263947.14 edges/s (9169501.36)
[Step=0900] Wall=129.3525s | Loss=2.6353
[Profile] Avg ms/step | Load: 54.132 (Prep: 3.126, Struc: 0.610, Fetch: 50.396) | Fwd: 25.422 | Bwd: 33.233 | Opt: 0.629 | GPU_Tot: 110.289
[Throughput] Samples: 36021.93 samples/s (36501.70) | Edges: 9299901.50 edges/s (9423933.92)
[Step=1000] Wall=141.3063s | Loss=2.6173
[Profile] Avg ms/step | Load: 54.735 (Prep: 3.377, Struc: 0.610, Fetch: 50.747) | Fwd: 25.421 | Bwd: 33.237 | Opt: 0.630 | GPU_Tot: 110.645
[Throughput] Samples: 35825.33 samples/s (35098.93) | Edges: 9249041.98 edges/s (9061083.43)
[Step=1100] Wall=152.5414s | Loss=2.6054
[Profile] Avg ms/step | Load: 54.560 (Prep: 3.441, Struc: 0.610, Fetch: 50.509) | Fwd: 25.424 | Bwd: 33.247 | Opt: 0.630 | GPU_Tot: 110.419
[Throughput] Samples: 35872.70 samples/s (35849.00) | Edges: 9261598.11 edges/s (9257154.42)
[Step=1200] Wall=163.8141s | Loss=2.5900
[Profile] Avg ms/step | Load: 54.436 (Prep: 3.192, Struc: 0.610, Fetch: 50.634) | Fwd: 25.431 | Bwd: 33.259 | Opt: 0.631 | GPU_Tot: 110.565
[Throughput] Samples: 35911.21 samples/s (36140.93) | Edges: 9271685.52 edges/s (9332568.86)
[Step=1300] Wall=175.5782s | Loss=2.5825
[Profile] Avg ms/step | Load: 54.715 (Prep: 3.186, Struc: 0.610, Fetch: 50.919) | Fwd: 25.437 | Bwd: 33.267 | Opt: 0.631 | GPU_Tot: 110.864
[Throughput] Samples: 35815.62 samples/s (35285.21) | Edges: 9247078.36 edges/s (9111225.31)
[Step=1400] Wall=186.7402s | Loss=2.5796
[Profile] Avg ms/step | Load: 54.518 (Prep: 3.239, Struc: 0.610, Fetch: 50.669) | Fwd: 25.440 | Bwd: 33.276 | Opt: 0.634 | GPU_Tot: 110.629
[Throughput] Samples: 35870.01 samples/s (36066.57) | Edges: 9260848.78 edges/s (9310002.42)
[Step=1500] Wall=198.0924s | Loss=2.5671
[Profile] Avg ms/step | Load: 54.468 (Prep: 3.055, Struc: 0.610, Fetch: 50.802) | Fwd: 25.446 | Bwd: 33.290 | Opt: 0.634 | GPU_Tot: 110.783
[Throughput] Samples: 35884.11 samples/s (36075.20) | Edges: 9264580.72 edges/s (9313996.76)
[Step=1600] Wall=209.9844s | Loss=2.5568
[Profile] Avg ms/step | Load: 54.775 (Prep: 3.241, Struc: 0.610, Fetch: 50.923) | Fwd: 25.448 | Bwd: 33.295 | Opt: 0.634 | GPU_Tot: 110.910
[Throughput] Samples: 35783.13 samples/s (35034.97) | Edges: 9238258.84 edges/s (9043087.70)
[Step=1700] Wall=221.0817s | Loss=2.5591
[Profile] Avg ms/step | Load: 54.568 (Prep: 3.323, Struc: 0.610, Fetch: 50.635) | Fwd: 25.452 | Bwd: 33.305 | Opt: 0.633 | GPU_Tot: 110.635
[Throughput] Samples: 35841.70 samples/s (36094.26) | Edges: 9253709.58 edges/s (9321218.32)
[Step=1800] Wall=232.5113s | Loss=2.5469
[Profile] Avg ms/step | Load: 54.565 (Prep: 3.167, Struc: 0.610, Fetch: 50.788) | Fwd: 25.457 | Bwd: 33.317 | Opt: 0.633 | GPU_Tot: 110.804
[Throughput] Samples: 35841.43 samples/s (35939.80) | Edges: 9253765.47 edges/s (9281312.33)
[Step=1900] Wall=244.1228s | Loss=2.5414
[Profile] Avg ms/step | Load: 54.663 (Prep: 3.255, Struc: 0.610, Fetch: 50.798) | Fwd: 25.459 | Bwd: 33.324 | Opt: 0.633 | GPU_Tot: 110.824
[Throughput] Samples: 35805.35 samples/s (35478.45) | Edges: 9244475.42 edges/s (9161189.57)
[Step=2000] Wall=254.9308s | Loss=2.5459
[Profile] Avg ms/step | Load: 54.341 (Prep: 3.112, Struc: 0.610, Fetch: 50.619) | Fwd: 25.464 | Bwd: 33.336 | Opt: 0.633 | GPU_Tot: 110.662
[Throughput] Samples: 35905.14 samples/s (36930.05) | Edges: 9270284.12 edges/s (9535838.11)
[Step=2100] Wall=267.2536s | Loss=2.5344
[Profile] Avg ms/step | Load: 54.777 (Prep: 3.282, Struc: 0.610, Fetch: 50.885) | Fwd: 25.468 | Bwd: 33.342 | Opt: 0.633 | GPU_Tot: 110.939
[Throughput] Samples: 35762.57 samples/s (34656.43) | Edges: 9233689.92 edges/s (8950779.91)
[Step=2200] Wall=278.8965s | Loss=2.5267
[Profile] Avg ms/step | Load: 54.865 (Prep: 3.374, Struc: 0.610, Fetch: 50.880) | Fwd: 25.472 | Bwd: 33.347 | Opt: 0.633 | GPU_Tot: 110.943
[Throughput] Samples: 35730.68 samples/s (34908.34) | Edges: 9225836.12 edges/s (9019108.43)
[Step=2300] Wall=289.8647s | Loss=2.5298
[Profile] Avg ms/step | Load: 54.647 (Prep: 3.245, Struc: 0.610, Fetch: 50.793) | Fwd: 25.475 | Bwd: 33.355 | Opt: 0.633 | GPU_Tot: 110.866
[Throughput] Samples: 35798.33 samples/s (36369.68) | Edges: 9242789.14 edges/s (9385696.30)
[Step=2400] Wall=301.8876s | Loss=2.5229
[Profile] Avg ms/step | Load: 54.893 (Prep: 3.337, Struc: 0.612, Fetch: 50.944) | Fwd: 25.476 | Bwd: 33.360 | Opt: 0.633 | GPU_Tot: 111.025
[Throughput] Samples: 35717.88 samples/s (34928.47) | Edges: 9222630.17 edges/s (9024733.71)
[Step=2500] Wall=313.4477s | Loss=2.5198
[Profile] Avg ms/step | Load: 54.934 (Prep: 3.439, Struc: 0.612, Fetch: 50.883) | Fwd: 25.478 | Bwd: 33.363 | Opt: 0.633 | GPU_Tot: 110.969
[Throughput] Samples: 35702.04 samples/s (35167.68) | Edges: 9218491.44 edges/s (9082223.23)
------------------------------------------------------------
Training Completed. Total Steps: 2500 (Active: 2490)
Avg Breakdown (ms): Load=54.934 [Prep:3.439, Struc:0.612, Fetch:50.883], Fwd=25.478, Bwd=33.363, Opt=0.633
------------------------------------------------------------
Checkpoint saved: ./model_dir_gnn/ogbn_mag_graphsage/last.pt
2026-02-01 00:39:14 [INFO] Model execution finished.
2026-02-01 00:39:14 [INFO] Model execution process completed successfully.
2026-02-01 00:39:14 [INFO] run_pyg.sh finished successfully.
