2026-01-31 14:43:00,624 INFO:   Current Working Directory: /home/watanuki/gnn-modelzoo-v2.6/src/cerebras/modelzoo/models/gnn
2026-01-31 14:43:00,624 INFO:   Running command: /home/watanuki/gnn-modelzoo-v2.6/.venv/bin/cszoo fit configs/params_graphsage_ogbn_mag.yaml --target_device CSX
2026-01-31 14:43:01,047 INFO:   Appliance client semantic version: 1.1.0, cluster server semantic version: 1.1.2, job operator semantic version: 1.1.2
2026-01-31 14:43:01,050 INFO:   Successfully initialized workflow with id: wflow-l4bs6s5ingxb8bxuxr5rh7
2026-01-31 14:43:01,050 INFO:   Checkpoint autoloading is enabled. Looking for latest checkpoint in "model_dir_gnn/ogbn_mag_graphsage" directory with the following naming convention: `checkpoint_(step)(_timestamp)?.mdl`.
2026-01-31 14:43:01,052 INFO:   No checkpoints were found in "model_dir_gnn/ogbn_mag_graphsage".
2026-01-31 14:43:01,052 INFO:   No checkpoint was provided. Using randomly initialized model parameters.
2026-01-31 14:43:01,052 INFO:   Ordinal 0: Initializing GNNDataProcessor for dataset 'ogbn-mag' (split=train, mode=neighbor).
2026-01-31 14:43:07,629 WARNING:   A validation dataloader was provided but `eval_frequency` is None. The trainer will not run validation during training.
2026-01-31 14:43:07,630 INFO:   ===========================================================================
2026-01-31 14:43:07,630 INFO:   Trainer Fit Summary
2026-01-31 14:43:07,630 INFO:   ---------------------------------------------------------------------------
2026-01-31 14:43:07,630 INFO:   Trainer will run 1 train loop.
2026-01-31 14:43:07,630 INFO:   
2026-01-31 14:43:07,630 INFO:   Train steps per train loop:
2026-01-31 14:43:07,630 INFO:   * 1 loop of 2500 steps
2026-01-31 14:43:07,630 INFO:   for a total of 2500 train steps.
2026-01-31 14:43:07,630 INFO:   
2026-01-31 14:43:07,630 INFO:   Progress will be logged every 100 steps.
2026-01-31 14:43:07,630 INFO:   ===========================================================================
2026-01-31 14:43:07,630 INFO:   ---------------------------------------------------------------------------
2026-01-31 14:43:07,630 INFO:   Starting train loop 1 of 1, from global step 1 to 2500 (2500 steps)
2026-01-31 14:43:07,630 INFO:   ---------------------------------------------------------------------------
[Compilation] Step=1 finished. Duration=2.35s
2026-01-31 14:43:11,885 INFO:   Compiling the model. This may take a few minutes.
2026-01-31 14:43:11,901 INFO:   Appliance client semantic version: 1.1.0, cluster server semantic version: 1.1.2, job operator semantic version: 1.1.2
2026-01-31 14:43:12,974 INFO:   Initiating a new image build job against the cluster server.
2026-01-31 14:43:12,980 INFO:   User sidecar image build is disabled from server. Falling back to venv mounting.
2026-01-31 14:43:12,998 INFO:   Appliance client semantic version: 1.1.0, cluster server semantic version: 1.1.2, job operator semantic version: 1.1.2
2026-01-31 14:43:13,001 INFO:   Initiating a new compile wsjob against the cluster server.
2026-01-31 14:43:13,021 INFO:   Job id: wsjob-tqn3np9poeczhnapcnqeaz, workflow id: wflow-l4bs6s5ingxb8bxuxr5rh7, namespace: job-operator, remote log path: /n1/wsjob/workdir/job-operator/wsjob-tqn3np9poeczhnapcnqeaz
2026-01-31 14:43:33,022 INFO:   Poll ingress status: Waiting for all Coordinator pods to be running, current running: 0/1.
2026-01-31 14:43:33,025 INFO:   Recording the timestamp when jobs is scheduled.
2026-01-31 14:43:33,072 WARNING:   Event 2026-01-31 14:43:14 +0000 UTC reason=InconsistentVersion wsjob=wsjob-tqn3np9poeczhnapcnqeaz message='Warning: client semantic version 1.1.0 is inconsistent with cluster server semantic version 1.1.2, there's a risk job could fail due to inconsistent setup.'
2026-01-31 14:45:33,074 INFO:   Poll ingress status: Job ingress ready, dashboard: https://grafana.anl0.cerebras.internal/d/WebHNShVz/wsjob-dashboard?orgId=1&var-wsjob=wsjob-tqn3np9poeczhnapcnqeaz&from=1769870101000&to=now
2026-01-31 14:45:33,082 INFO:   Poll ingress success: Job ingress ready, dashboard: https://grafana.anl0.cerebras.internal/d/WebHNShVz/wsjob-dashboard?orgId=1&var-wsjob=wsjob-tqn3np9poeczhnapcnqeaz&from=1769870101000&to=now
2026-01-31 14:45:33,159 INFO:   Found existing cached compile with hash: "cs_1487064533354096021"
2026-01-31 14:45:34,841 INFO:   Compile artifacts successfully written to remote compile directory. Compile hash is: cs_1487064533354096021
2026-01-31 14:45:43,057 INFO:   Compile was successful!
2026-01-31 14:45:43,057 INFO:   Programming Cerebras Wafer Scale Cluster for execution. This may take a few minutes.
2026-01-31 14:45:45,084 INFO:   Appliance client semantic version: 1.1.0, cluster server semantic version: 1.1.2, job operator semantic version: 1.1.2
2026-01-31 14:45:45,087 INFO:   Initiating a new execute wsjob against the cluster server.
2026-01-31 14:45:45,114 INFO:   Job id: wsjob-ddblcbicubn5swntzxws5b, workflow id: wflow-l4bs6s5ingxb8bxuxr5rh7, namespace: job-operator, remote log path: /n1/wsjob/workdir/job-operator/wsjob-ddblcbicubn5swntzxws5b
2026-01-31 14:46:05,115 INFO:   Poll ingress status: Waiting for all Command pods to be running, current running: 0/1.
2026-01-31 14:46:05,118 INFO:   Recording the timestamp when jobs is scheduled.
2026-01-31 14:46:05,128 WARNING:   Event 2026-01-31 14:45:51 +0000 UTC reason=InconsistentVersion wsjob=wsjob-ddblcbicubn5swntzxws5b message='Warning: client semantic version 1.1.0 is inconsistent with cluster server semantic version 1.1.2, there's a risk job could fail due to inconsistent setup.'
2026-01-31 14:46:25,128 INFO:   Poll ingress status: Waiting for all Weight pods to be running, current running: 1/2.
2026-01-31 14:46:35,134 INFO:   Poll ingress status: Waiting for all Activation pods to be running, current running: 0/21.
2026-01-31 14:48:35,141 INFO:   Poll ingress status: Job ingress ready, dashboard: https://grafana.anl0.cerebras.internal/d/WebHNShVz/wsjob-dashboard?orgId=1&var-wsjob=wsjob-ddblcbicubn5swntzxws5b&from=1769870168000&to=now
2026-01-31 14:48:35,152 INFO:   Poll ingress success: Job ingress ready, dashboard: https://grafana.anl0.cerebras.internal/d/WebHNShVz/wsjob-dashboard?orgId=1&var-wsjob=wsjob-ddblcbicubn5swntzxws5b&from=1769870168000&to=now
2026-01-31 14:48:35,248 INFO:   Preparing to execute using 1 CSX
2026-01-31 14:48:52,444 INFO:   About to send initial weights
2026-01-31 14:48:53,671 INFO:   Finished sending initial weights
2026-01-31 14:48:53,671 INFO:   Finalizing appliance staging for the run
2026-01-31 14:49:01,168 INFO:   Waiting for device programming to complete
2026-01-31 14:50:14,930 INFO:   Device programming is complete
2026-01-31 14:50:15,506 INFO:   Using network type: ROCE
2026-01-31 14:50:15,507 INFO:   Waiting for input workers to prime the data pipeline and begin streaming ...
2026-01-31 14:50:15,515 INFO:   Input workers have begun streaming input data
2026-01-31 14:50:16,647 INFO:   Appliance staging is complete
2026-01-31 14:50:16,647 INFO:   Beginning appliance run
2026-01-31 14:53:11,898 INFO:   | Train Device=CSX, Step=100, Loss=2.91966, Rate=2266.80 samples/sec, GlobalRate=680.39 samples/sec, LoopTimeRemaining=1:12:04, TimeRemaining=1:12:04
[Step=0100] Wall=162.4678s | Loss=2.9197
[Profile] Avg ms/step | Load: 1804.648 | Host_Submit(Fwd: 0.000, Bwd: 0.000, Opt: 0.000) | Residual(Dev): 0.548 | Iter_Wall: 0.548
[Throughput] Samples: 2269.00 samples/s (2269.00)
2026-01-31 14:56:12,490 INFO:   | Train Device=CSX, Step=200, Loss=2.77921, Rate=2173.49 samples/sec, GlobalRate=1046.76 samples/sec, LoopTimeRemaining=1:09:13, TimeRemaining=1:09:13
[Step=0200] Wall=342.9145s | Loss=2.7792
[Profile] Avg ms/step | Load: 1803.931 | Host_Submit(Fwd: 0.000, Bwd: 0.000, Opt: 0.000) | Residual(Dev): 0.533 | Iter_Wall: 0.533
[Throughput] Samples: 2269.49 samples/s (2269.55)
2026-01-31 14:59:13,541 INFO:   | Train Device=CSX, Step=300, Loss=2.69200, Rate=2248.02 samples/sec, GlobalRate=1275.15 samples/sec, LoopTimeRemaining=1:06:14, TimeRemaining=1:06:14
[Step=0300] Wall=524.0200s | Loss=2.6920
[Profile] Avg ms/step | Load: 1810.531 | Host_Submit(Fwd: 0.000, Bwd: 0.000, Opt: 0.000) | Residual(Dev): 0.522 | Iter_Wall: 0.522
[Throughput] Samples: 2266.78 samples/s (2264.82)
2026-01-31 15:02:15,057 INFO:   | Train Device=CSX, Step=400, Loss=2.69643, Rate=2250.18 samples/sec, GlobalRate=1430.71 samples/sec, LoopTimeRemaining=1:03:30, TimeRemaining=1:03:30
[Step=0400] Wall=705.5507s | Loss=2.6964
[Profile] Avg ms/step | Load: 1814.790 | Host_Submit(Fwd: 0.000, Bwd: 0.000, Opt: 0.000) | Residual(Dev): 0.514 | Iter_Wall: 0.514
[Throughput] Samples: 2264.10 samples/s (2259.75)
2026-01-31 15:05:15,723 INFO:   | Train Device=CSX, Step=500, Loss=2.63352, Rate=2274.41 samples/sec, GlobalRate=1544.69 samples/sec, LoopTimeRemaining=1:00:04, TimeRemaining=1:00:04
[Step=0500] Wall=886.2465s | Loss=2.6335
[Profile] Avg ms/step | Load: 1806.448 | Host_Submit(Fwd: 0.000, Bwd: 0.000, Opt: 0.000) | Residual(Dev): 0.508 | Iter_Wall: 0.508
[Throughput] Samples: 2264.65 samples/s (2263.98)
2026-01-31 15:08:16,524 INFO:   | Train Device=CSX, Step=600, Loss=2.57272, Rate=2273.56 samples/sec, GlobalRate=1631.18 samples/sec, LoopTimeRemaining=0:57:08, TimeRemaining=0:57:08
[Step=0600] Wall=1067.0424s | Loss=2.5727
[Profile] Avg ms/step | Load: 1807.448 | Host_Submit(Fwd: 0.000, Bwd: 0.000, Opt: 0.000) | Residual(Dev): 0.508 | Iter_Wall: 0.508
[Throughput] Samples: 2264.80 samples/s (2264.91)
2026-01-31 15:11:16,649 INFO:   | Train Device=CSX, Step=700, Loss=2.64078, Rate=2245.24 samples/sec, GlobalRate=1699.83 samples/sec, LoopTimeRemaining=0:54:08, TimeRemaining=0:54:08
[Step=0700] Wall=1247.1463s | Loss=2.6408
[Profile] Avg ms/step | Load: 1800.530 | Host_Submit(Fwd: 0.000, Bwd: 0.000, Opt: 0.000) | Residual(Dev): 0.507 | Iter_Wall: 0.507
[Throughput] Samples: 2266.17 samples/s (2270.51)
2026-01-31 15:14:17,093 INFO:   | Train Device=CSX, Step=800, Loss=2.53303, Rate=2238.31 samples/sec, GlobalRate=1754.92 samples/sec, LoopTimeRemaining=0:51:08, TimeRemaining=0:51:08
[Step=0800] Wall=1427.5846s | Loss=2.5330
[Profile] Avg ms/step | Load: 1803.871 | Host_Submit(Fwd: 0.000, Bwd: 0.000, Opt: 0.000) | Residual(Dev): 0.509 | Iter_Wall: 0.509
[Throughput] Samples: 2266.65 samples/s (2270.22)
2026-01-31 15:17:18,186 INFO:   | Train Device=CSX, Step=900, Loss=2.54763, Rate=2298.21 samples/sec, GlobalRate=1799.74 samples/sec, LoopTimeRemaining=0:48:08, TimeRemaining=0:48:08
[Step=0900] Wall=1608.6609s | Loss=2.5476
[Profile] Avg ms/step | Load: 1810.258 | Host_Submit(Fwd: 0.000, Bwd: 0.000, Opt: 0.000) | Residual(Dev): 0.503 | Iter_Wall: 0.503
[Throughput] Samples: 2266.13 samples/s (2265.31)
2026-01-31 15:20:18,547 INFO:   | Train Device=CSX, Step=1000, Loss=2.50175, Rate=2245.77 samples/sec, GlobalRate=1837.88 samples/sec, LoopTimeRemaining=0:45:09, TimeRemaining=0:45:09
[Step=1000] Wall=1788.9663s | Loss=2.5018
[Profile] Avg ms/step | Load: 1802.549 | Host_Submit(Fwd: 0.000, Bwd: 0.000, Opt: 0.000) | Residual(Dev): 0.502 | Iter_Wall: 0.502
[Throughput] Samples: 2266.69 samples/s (2269.14)
2026-01-31 15:23:18,759 INFO:   | Train Device=CSX, Step=1100, Loss=2.53051, Rate=2258.93 samples/sec, GlobalRate=1870.42 samples/sec, LoopTimeRemaining=0:42:05, TimeRemaining=0:42:05
[Step=1100] Wall=1969.1780s | Loss=2.5305
[Profile] Avg ms/step | Load: 1801.615 | Host_Submit(Fwd: 0.000, Bwd: 0.000, Opt: 0.000) | Residual(Dev): 0.501 | Iter_Wall: 0.501
[Throughput] Samples: 2267.26 samples/s (2271.39)
2026-01-31 15:26:19,464 INFO:   | Train Device=CSX, Step=1200, Loss=2.51030, Rate=2271.57 samples/sec, GlobalRate=1898.07 samples/sec, LoopTimeRemaining=0:39:10, TimeRemaining=0:39:10
[Step=1200] Wall=2149.9015s | Loss=2.5103
[Profile] Avg ms/step | Load: 1806.731 | Host_Submit(Fwd: 0.000, Bwd: 0.000, Opt: 0.000) | Residual(Dev): 0.502 | Iter_Wall: 0.502
[Throughput] Samples: 2267.19 samples/s (2268.42)
2026-01-31 15:29:19,640 INFO:   | Train Device=CSX, Step=1300, Loss=2.47579, Rate=2269.09 samples/sec, GlobalRate=1922.48 samples/sec, LoopTimeRemaining=0:36:00, TimeRemaining=0:36:00
[Step=1300] Wall=2330.0694s | Loss=2.4758
[Profile] Avg ms/step | Load: 1801.175 | Host_Submit(Fwd: 0.000, Bwd: 0.000, Opt: 0.000) | Residual(Dev): 0.502 | Iter_Wall: 0.502
[Throughput] Samples: 2267.67 samples/s (2271.43)
2026-01-31 15:32:20,438 INFO:   | Train Device=CSX, Step=1400, Loss=2.51340, Rate=2255.16 samples/sec, GlobalRate=1943.50 samples/sec, LoopTimeRemaining=0:33:11, TimeRemaining=0:33:11
[Step=1400] Wall=2510.8635s | Loss=2.5134
[Profile] Avg ms/step | Load: 1807.435 | Host_Submit(Fwd: 0.000, Bwd: 0.000, Opt: 0.000) | Residual(Dev): 0.504 | Iter_Wall: 0.504
[Throughput] Samples: 2267.52 samples/s (2267.91)
2026-01-31 15:35:21,635 INFO:   | Train Device=CSX, Step=1500, Loss=2.45827, Rate=2281.18 samples/sec, GlobalRate=1961.84 samples/sec, LoopTimeRemaining=0:30:13, TimeRemaining=0:30:13
[Step=1500] Wall=2692.0785s | Loss=2.4583
[Profile] Avg ms/step | Load: 1811.645 | Host_Submit(Fwd: 0.000, Bwd: 0.000, Opt: 0.000) | Residual(Dev): 0.503 | Iter_Wall: 0.503
[Throughput] Samples: 2267.04 samples/s (2263.34)
2026-01-31 15:38:22,246 INFO:   | Train Device=CSX, Step=1600, Loss=2.45902, Rate=2256.62 samples/sec, GlobalRate=1978.53 samples/sec, LoopTimeRemaining=0:27:07, TimeRemaining=0:27:07
[Step=1600] Wall=2872.6560s | Loss=2.4590
[Profile] Avg ms/step | Load: 1805.271 | Host_Submit(Fwd: 0.000, Bwd: 0.000, Opt: 0.000) | Residual(Dev): 0.501 | Iter_Wall: 0.501
[Throughput] Samples: 2267.11 samples/s (2266.30)
2026-01-31 15:41:22,677 INFO:   | Train Device=CSX, Step=1700, Loss=2.49913, Rate=2274.45 samples/sec, GlobalRate=1993.59 samples/sec, LoopTimeRemaining=0:24:03, TimeRemaining=0:24:03
[Step=1700] Wall=3053.1481s | Loss=2.4991
[Profile] Avg ms/step | Load: 1804.419 | Host_Submit(Fwd: 0.000, Bwd: 0.000, Opt: 0.000) | Residual(Dev): 0.499 | Iter_Wall: 0.499
[Throughput] Samples: 2267.25 samples/s (2268.13)
2026-01-31 15:44:23,534 INFO:   | Train Device=CSX, Step=1800, Loss=2.50312, Rate=2268.40 samples/sec, GlobalRate=2006.94 samples/sec, LoopTimeRemaining=0:21:06, TimeRemaining=0:21:06
[Step=1800] Wall=3234.0080s | Loss=2.5031
[Profile] Avg ms/step | Load: 1808.091 | Host_Submit(Fwd: 0.000, Bwd: 0.000, Opt: 0.000) | Residual(Dev): 0.506 | Iter_Wall: 0.506
[Throughput] Samples: 2267.11 samples/s (2266.09)
2026-01-31 15:47:23,804 INFO:   | Train Device=CSX, Step=1900, Loss=2.46636, Rate=2241.30 samples/sec, GlobalRate=2019.35 samples/sec, LoopTimeRemaining=0:18:01, TimeRemaining=0:18:01
[Step=1900] Wall=3414.2533s | Loss=2.4664
[Profile] Avg ms/step | Load: 1801.943 | Host_Submit(Fwd: 0.000, Bwd: 0.000, Opt: 0.000) | Residual(Dev): 0.507 | Iter_Wall: 0.507
[Throughput] Samples: 2267.39 samples/s (2269.91)
2026-01-31 15:50:24,217 INFO:   | Train Device=CSX, Step=2000, Loss=2.40476, Rate=2277.89 samples/sec, GlobalRate=2030.57 samples/sec, LoopTimeRemaining=0:15:01, TimeRemaining=0:15:01
[Step=2000] Wall=3594.7054s | Loss=2.4048
[Profile] Avg ms/step | Load: 1804.014 | Host_Submit(Fwd: 0.000, Bwd: 0.000, Opt: 0.000) | Residual(Dev): 0.505 | Iter_Wall: 0.505
[Throughput] Samples: 2267.51 samples/s (2269.88)
2026-01-31 15:53:24,449 INFO:   | Train Device=CSX, Step=2100, Loss=2.47345, Rate=2266.70 samples/sec, GlobalRate=2040.92 samples/sec, LoopTimeRemaining=0:12:02, TimeRemaining=0:12:02
[Step=2100] Wall=3774.9265s | Loss=2.4735
[Profile] Avg ms/step | Load: 1801.698 | Host_Submit(Fwd: 0.000, Bwd: 0.000, Opt: 0.000) | Residual(Dev): 0.510 | Iter_Wall: 0.510
[Throughput] Samples: 2267.76 samples/s (2271.61)
2026-01-31 15:56:24,747 INFO:   | Train Device=CSX, Step=2200, Loss=2.41561, Rate=2265.19 samples/sec, GlobalRate=2050.40 samples/sec, LoopTimeRemaining=0:09:01, TimeRemaining=0:09:01
[Step=2200] Wall=3955.2081s | Loss=2.4156
[Profile] Avg ms/step | Load: 1802.304 | Host_Submit(Fwd: 0.000, Bwd: 0.000, Opt: 0.000) | Residual(Dev): 0.510 | Iter_Wall: 0.510
[Throughput] Samples: 2267.96 samples/s (2271.84)
2026-01-31 15:59:25,912 INFO:   | Train Device=CSX, Step=2300, Loss=2.39734, Rate=2293.68 samples/sec, GlobalRate=2058.73 samples/sec, LoopTimeRemaining=0:06:01, TimeRemaining=0:06:01
[Step=2300] Wall=4136.4226s | Loss=2.3973
[Profile] Avg ms/step | Load: 1811.630 | Host_Submit(Fwd: 0.000, Bwd: 0.000, Opt: 0.000) | Residual(Dev): 0.512 | Iter_Wall: 0.512
[Throughput] Samples: 2267.62 samples/s (2264.92)
2026-01-31 16:02:27,413 INFO:   | Train Device=CSX, Step=2400, Loss=2.43718, Rate=2214.24 samples/sec, GlobalRate=2066.28 samples/sec, LoopTimeRemaining=0:03:01, TimeRemaining=0:03:01
[Step=2400] Wall=4317.9181s | Loss=2.4372
[Profile] Avg ms/step | Load: 1814.434 | Host_Submit(Fwd: 0.000, Bwd: 0.000, Opt: 0.000) | Residual(Dev): 0.519 | Iter_Wall: 0.519
[Throughput] Samples: 2267.17 samples/s (2260.05)
2026-01-31 16:05:28,350 INFO:   | Train Device=CSX, Step=2500, Loss=2.42566, Rate=2253.33 samples/sec, GlobalRate=2073.52 samples/sec, LoopTimeRemaining=0:00:00, TimeRemaining=0:00:00
[Step=2500] Wall=4498.7875s | Loss=2.4257
[Profile] Avg ms/step | Load: 1808.182 | Host_Submit(Fwd: 0.000, Bwd: 0.000, Opt: 0.000) | Residual(Dev): 0.510 | Iter_Wall: 0.510
[Throughput] Samples: 2267.06 samples/s (2262.79)
2026-01-31 16:05:48,497 INFO:   Training completed successfully!
2026-01-31 16:05:48,524 INFO:   Processed 10240000 training sample(s) in 4960.8942971 seconds.
