2026-01-30 16:43:37 [INFO] Starting PyG GraphSAGE run
2026-01-30 16:43:37 [INFO] Checking for conflicting environment modules
2026-01-30 16:43:37 [INFO] Module 'intelpython/2022.3.1' is loaded. Attempting to unload...
2026-01-30 16:43:37 [INFO] 'intelpython/2022.3.1' unloaded successfully.
2026-01-30 16:43:37 [INFO] Executing model script in: /work/1/AC2/watanuki/gnn-modelzoo-v2.6
2026-01-30 16:43:37 [INFO] Executing: uv run src/cerebras/modelzoo/models/gnn/graphsage_pyg.py --config src/cerebras/modelzoo/models/gnn/configs/params_graphsage_ogbn_products.yaml
[ddp] Single-process mode: device=cuda
[Info] Running in Single-Process mode (CPU or Single GPU).
[Info] Device: cuda
[GraphCache] Caching disabled (0 nodes).
[Step=0040] Wall=35.9678s | Loss=4.4337
[Profile] Avg ms/step | Load: 85.148 (Prep: 0.040, Struc: 1.270, Fetch: 83.838) | Fwd: 53.275 | Bwd: 65.056 | Opt: 0.618 | GPU_Tot: 204.057
[Throughput] Samples: 20057.97 samples/s (20057.93) | Edges: 10924632.88 edges/s (10924631.04)
[Step=0080] Wall=45.3057s | Loss=1.3079
[Profile] Avg ms/step | Load: 98.496 (Prep: 14.949, Struc: 1.279, Fetch: 82.268) | Fwd: 56.986 | Bwd: 64.622 | Opt: 0.701 | GPU_Tot: 205.856
[Throughput] Samples: 18276.55 samples/s (18287.87) | Edges: 9961684.19 edges/s (9967809.15)
[Step=0120] Wall=54.1569s | Loss=0.8077
[Profile] Avg ms/step | Load: 100.923 (Prep: 18.091, Struc: 1.265, Fetch: 81.567) | Fwd: 55.169 | Bwd: 64.175 | Opt: 0.670 | GPU_Tot: 202.846
[Throughput] Samples: 18193.60 samples/s (18144.35) | Edges: 9910794.40 edges/s (9880253.37)
[Step=0160] Wall=62.9724s | Loss=0.7255
[Profile] Avg ms/step | Load: 101.650 (Prep: 18.823, Struc: 1.260, Fetch: 81.567) | Fwd: 54.383 | Bwd: 64.071 | Opt: 0.657 | GPU_Tot: 201.939
[Throughput] Samples: 18174.42 samples/s (18130.66) | Edges: 9903720.67 edges/s (9882626.10)
[Step=0200] Wall=71.8378s | Loss=0.6701
[Profile] Avg ms/step | Load: 102.335 (Prep: 19.367, Struc: 1.257, Fetch: 81.710) | Fwd: 53.925 | Bwd: 64.010 | Opt: 0.652 | GPU_Tot: 201.555
[Throughput] Samples: 18141.73 samples/s (18064.00) | Edges: 9886051.30 edges/s (9845062.90)
[Step=0240] Wall=79.9565s | Loss=0.6382
[Profile] Avg ms/step | Load: 99.059 (Prep: 16.007, Struc: 1.260, Fetch: 81.793) | Fwd: 53.847 | Bwd: 64.228 | Opt: 0.646 | GPU_Tot: 201.774
[Throughput] Samples: 18472.03 samples/s (19333.96) | Edges: 10065411.97 edges/s (10533948.74)
[Step=0280] Wall=89.2038s | Loss=0.5632
[Profile] Avg ms/step | Load: 101.319 (Prep: 18.302, Struc: 1.257, Fetch: 81.760) | Fwd: 53.612 | Bwd: 64.175 | Opt: 0.643 | GPU_Tot: 201.448
[Throughput] Samples: 18285.62 samples/s (18098.80) | Edges: 9963271.54 edges/s (9859419.23)
[Step=0320] Wall=98.1712s | Loss=0.5984
[Profile] Avg ms/step | Load: 102.104 (Prep: 19.207, Struc: 1.256, Fetch: 81.641) | Fwd: 53.439 | Bwd: 64.124 | Opt: 0.641 | GPU_Tot: 201.101
[Throughput] Samples: 18223.81 samples/s (17928.32) | Edges: 9929733.96 edges/s (9768400.91)
[Step=0360] Wall=107.0354s | Loss=0.5403
[Profile] Avg ms/step | Load: 102.379 (Prep: 19.503, Struc: 1.255, Fetch: 81.620) | Fwd: 53.316 | Bwd: 64.109 | Opt: 0.639 | GPU_Tot: 200.940
[Throughput] Samples: 18200.65 samples/s (17984.58) | Edges: 9917108.65 edges/s (9799232.26)
[Step=0400] Wall=116.1937s | Loss=0.5360
[Profile] Avg ms/step | Load: 103.324 (Prep: 20.377, Struc: 1.255, Fetch: 81.692) | Fwd: 53.226 | Bwd: 64.116 | Opt: 0.639 | GPU_Tot: 200.928
[Throughput] Samples: 18120.34 samples/s (17659.88) | Edges: 9874121.24 edges/s (9626764.03)
[Step=0440] Wall=124.3456s | Loss=0.5221
[Profile] Avg ms/step | Load: 101.486 (Prep: 18.486, Struc: 1.256, Fetch: 81.744) | Fwd: 53.275 | Bwd: 64.268 | Opt: 0.638 | GPU_Tot: 201.180
[Throughput] Samples: 18290.95 samples/s (19122.89) | Edges: 9966870.68 edges/s (10420313.35)
[Step=0480] Wall=133.1539s | Loss=0.5751
[Profile] Avg ms/step | Load: 101.612 (Prep: 18.645, Struc: 1.256, Fetch: 81.711) | Fwd: 53.203 | Bwd: 64.252 | Opt: 0.636 | GPU_Tot: 201.057
[Throughput] Samples: 18277.77 samples/s (18530.99) | Edges: 9959463.58 edges/s (10096121.41)
[Step=0520] Wall=141.8350s | Loss=0.5079
[Profile] Avg ms/step | Load: 101.436 (Prep: 18.492, Struc: 1.255, Fetch: 81.689) | Fwd: 53.152 | Bwd: 64.261 | Opt: 0.636 | GPU_Tot: 200.992
[Throughput] Samples: 18287.41 samples/s (18453.67) | Edges: 9965036.43 edges/s (10057263.31)
[Step=0560] Wall=150.8143s | Loss=0.5599
[Profile] Avg ms/step | Load: 101.846 (Prep: 18.946, Struc: 1.254, Fetch: 81.645) | Fwd: 53.104 | Bwd: 64.255 | Opt: 0.635 | GPU_Tot: 200.893
[Throughput] Samples: 18250.57 samples/s (18056.13) | Edges: 9944735.26 edges/s (9837823.37)
[Step=0600] Wall=159.7479s | Loss=0.5198
[Profile] Avg ms/step | Load: 102.128 (Prep: 19.268, Struc: 1.254, Fetch: 81.606) | Fwd: 53.057 | Bwd: 64.250 | Opt: 0.634 | GPU_Tot: 200.801
[Throughput] Samples: 18225.23 samples/s (17951.69) | Edges: 9930963.60 edges/s (9781815.28)
[Step=0640] Wall=168.8102s | Loss=0.5368
[Profile] Avg ms/step | Load: 102.606 (Prep: 19.908, Struc: 1.253, Fetch: 81.445) | Fwd: 53.008 | Bwd: 64.227 | Opt: 0.634 | GPU_Tot: 200.566
[Throughput] Samples: 18186.29 samples/s (17757.49) | Edges: 9909652.28 edges/s (9675221.99)
[Step=0680] Wall=176.8681s | Loss=0.5910
[Profile] Avg ms/step | Load: 101.349 (Prep: 18.722, Struc: 1.254, Fetch: 81.373) | Fwd: 53.047 | Bwd: 64.303 | Opt: 0.633 | GPU_Tot: 200.610
[Throughput] Samples: 18303.93 samples/s (19302.75) | Edges: 9973879.66 edges/s (10519028.48)
[Step=0720] Wall=185.9877s | Loss=0.5262
[Profile] Avg ms/step | Load: 101.894 (Prep: 19.418, Struc: 1.254, Fetch: 81.222) | Fwd: 53.005 | Bwd: 64.283 | Opt: 0.632 | GPU_Tot: 200.396
[Throughput] Samples: 18257.99 samples/s (18231.45) | Edges: 9948708.36 edges/s (9933350.35)
[Step=0760] Wall=194.9237s | Loss=0.5760
[Profile] Avg ms/step | Load: 102.131 (Prep: 19.696, Struc: 1.253, Fetch: 81.182) | Fwd: 52.972 | Bwd: 64.264 | Opt: 0.631 | GPU_Tot: 200.303
[Throughput] Samples: 18237.38 samples/s (18018.94) | Edges: 9937787.69 edges/s (9821516.91)
[Step=0800] Wall=203.8919s | Loss=0.5521
[Profile] Avg ms/step | Load: 102.376 (Prep: 19.992, Struc: 1.253, Fetch: 81.131) | Fwd: 52.943 | Bwd: 64.256 | Opt: 0.631 | GPU_Tot: 200.214
[Throughput] Samples: 18215.52 samples/s (17895.44) | Edges: 9925656.77 edges/s (9750020.49)
[Step=0840] Wall=212.9089s | Loss=0.5325
[Profile] Avg ms/step | Load: 102.655 (Prep: 20.310, Struc: 1.252, Fetch: 81.094) | Fwd: 52.917 | Bwd: 64.249 | Opt: 0.631 | GPU_Tot: 200.142
[Throughput] Samples: 18190.95 samples/s (17788.21) | Edges: 9912014.09 edges/s (9689213.66)
[Step=0880] Wall=221.0176s | Loss=0.5236
[Profile] Avg ms/step | Load: 101.728 (Prep: 19.378, Struc: 1.253, Fetch: 81.097) | Fwd: 52.955 | Bwd: 64.318 | Opt: 0.630 | GPU_Tot: 200.254
[Throughput] Samples: 18276.39 samples/s (19238.52) | Edges: 9958592.28 edges/s (10481786.25)
[Step=0920] Wall=230.2322s | Loss=0.5144
[Profile] Avg ms/step | Load: 102.216 (Prep: 19.905, Struc: 1.253, Fetch: 81.059) | Fwd: 52.933 | Bwd: 64.319 | Opt: 0.630 | GPU_Tot: 200.194
[Throughput] Samples: 18233.18 samples/s (18097.38) | Edges: 9935047.63 edges/s (9860655.19)
[Step=0960] Wall=239.1426s | Loss=0.4999
[Profile] Avg ms/step | Load: 102.346 (Prep: 20.041, Struc: 1.252, Fetch: 81.052) | Fwd: 52.913 | Bwd: 64.317 | Opt: 0.630 | GPU_Tot: 200.165
[Throughput] Samples: 18220.22 samples/s (17996.16) | Edges: 9927590.94 edges/s (9800197.57)
[Step=1000] Wall=248.3548s | Loss=0.4865
[Profile] Avg ms/step | Load: 102.770 (Prep: 20.511, Struc: 1.252, Fetch: 81.007) | Fwd: 52.896 | Bwd: 64.315 | Opt: 0.629 | GPU_Tot: 200.099
[Throughput] Samples: 18183.16 samples/s (17603.22) | Edges: 9907652.06 edges/s (9592863.80)
------------------------------------------------------------
Training Completed. Total Steps: 1000 (Active: 990)
Avg Breakdown (ms): Load=102.770 [Prep:20.511, Struc:1.252, Fetch:81.007], Fwd=52.896, Bwd=64.315, Opt=0.629
------------------------------------------------------------
Checkpoint saved: ./model_dir_gnn/ogbn_products_graphsage/last.pt
2026-01-30 16:52:04 [INFO] Model execution finished.
2026-01-30 16:52:04 [INFO] Model execution process completed successfully.
2026-01-30 16:52:04 [INFO] run_pyg.sh finished successfully.
