2026-01-30 16:12:38 [INFO] Starting PyG GraphSAGE run
2026-01-30 16:12:38 [INFO] Checking for conflicting environment modules
2026-01-30 16:12:38 [INFO] Module 'intelpython/2022.3.1' is loaded. Attempting to unload...
2026-01-30 16:12:38 [INFO] 'intelpython/2022.3.1' unloaded successfully.
2026-01-30 16:12:38 [INFO] Executing model script in: /work/1/AC2/watanuki/gnn-modelzoo-v2.6
2026-01-30 16:12:38 [INFO] Executing: uv run src/cerebras/modelzoo/models/gnn/graphsage_pyg.py --config src/cerebras/modelzoo/models/gnn/configs/params_graphsage_ogbn_products.yaml
[ddp] Single-process mode: device=cuda
[Info] Running in Single-Process mode (CPU or Single GPU).
[Info] Device: cuda
[GraphCache] Auto-detected memory. Free: 84.55GB. Target Cache: 100.0%
[GraphCache] Caching 2449029 / 2449029 nodes (100.0%) on cuda...
[GraphCache] Moving features to GPU...
[GraphCache] Layout complete. Cached features size: torch.Size([2449029, 100])
[Step=0040] Wall=29.7774s | Loss=4.4341
[Profile] Avg ms/step | Load: 3.112 (Prep: 0.035, Struc: 1.649, Fetch: 1.428) | Fwd: 53.790 | Bwd: 65.768 | Opt: 0.484 | GPU_Tot: 123.120
[Throughput] Samples: 33236.03 samples/s (33235.95) | Edges: 18102077.66 edges/s (18102071.11)
[Step=0080] Wall=35.6142s | Loss=1.3350
[Profile] Avg ms/step | Load: 14.406 (Prep: 11.319, Struc: 1.669, Fetch: 1.418) | Fwd: 55.280 | Bwd: 65.845 | Opt: 0.583 | GPU_Tot: 124.794
[Throughput] Samples: 29644.30 samples/s (29715.93) | Edges: 16157706.70 edges/s (16196488.83)
[Step=0120] Wall=41.4008s | Loss=0.8232
[Profile] Avg ms/step | Load: 19.143 (Prep: 16.069, Struc: 1.661, Fetch: 1.412) | Fwd: 54.266 | Bwd: 65.229 | Opt: 0.553 | GPU_Tot: 123.122
[Throughput] Samples: 28874.94 samples/s (28450.77) | Edges: 15729349.07 edges/s (15492740.52)
[Step=0160] Wall=47.3004s | Loss=0.7365
[Profile] Avg ms/step | Load: 22.007 (Prep: 18.940, Struc: 1.656, Fetch: 1.411) | Fwd: 53.829 | Bwd: 65.008 | Opt: 0.538 | GPU_Tot: 122.441
[Throughput] Samples: 28375.43 samples/s (27627.25) | Edges: 15462511.66 edges/s (15058832.62)
[Step=0200] Wall=53.0617s | Loss=0.6753
[Profile] Avg ms/step | Load: 22.903 (Prep: 19.837, Struc: 1.655, Fetch: 1.410) | Fwd: 53.586 | Bwd: 64.901 | Opt: 0.530 | GPU_Tot: 122.084
[Throughput] Samples: 28237.27 samples/s (27687.94) | Edges: 15387454.98 edges/s (15090136.27)
[Step=0240] Wall=58.0257s | Loss=0.6314
[Profile] Avg ms/step | Load: 19.487 (Prep: 16.394, Struc: 1.678, Fetch: 1.415) | Fwd: 53.667 | Bwd: 65.131 | Opt: 0.523 | GPU_Tot: 122.413
[Throughput] Samples: 28978.24 samples/s (30878.64) | Edges: 15790246.52 edges/s (16823816.41)
[Step=0280] Wall=63.6339s | Loss=0.5637
[Profile] Avg ms/step | Load: 19.891 (Prep: 16.813, Struc: 1.664, Fetch: 1.414) | Fwd: 53.533 | Bwd: 65.054 | Opt: 0.523 | GPU_Tot: 122.189
[Throughput] Samples: 28904.57 samples/s (29442.41) | Edges: 15749212.52 edges/s (16038813.26)
[Step=0320] Wall=69.4209s | Loss=0.5955
[Profile] Avg ms/step | Load: 20.750 (Prep: 17.677, Struc: 1.659, Fetch: 1.414) | Fwd: 53.441 | Bwd: 65.010 | Opt: 0.520 | GPU_Tot: 122.045
[Throughput] Samples: 28731.11 samples/s (28340.25) | Edges: 15654920.35 edges/s (15441337.14)
[Step=0360] Wall=75.1205s | Loss=0.5312
[Profile] Avg ms/step | Load: 21.125 (Prep: 18.054, Struc: 1.657, Fetch: 1.414) | Fwd: 53.380 | Bwd: 65.004 | Opt: 0.519 | GPU_Tot: 121.974
[Throughput] Samples: 28649.42 samples/s (28153.01) | Edges: 15610399.28 edges/s (15339649.09)
[Step=0400] Wall=80.8026s | Loss=0.5311
[Profile] Avg ms/step | Load: 21.339 (Prep: 18.271, Struc: 1.654, Fetch: 1.414) | Fwd: 53.347 | Bwd: 65.024 | Opt: 0.517 | GPU_Tot: 121.956
[Throughput] Samples: 28593.89 samples/s (28130.01) | Edges: 15581363.42 edges/s (15334318.56)
[Step=0440] Wall=85.8005s | Loss=0.5219
[Profile] Avg ms/step | Load: 19.658 (Prep: 16.575, Struc: 1.666, Fetch: 1.417) | Fwd: 53.446 | Bwd: 65.180 | Opt: 0.514 | GPU_Tot: 122.223
[Throughput] Samples: 28944.40 samples/s (30921.33) | Edges: 15772011.54 edges/s (16849405.73)
[Step=0480] Wall=91.6965s | Loss=0.5840
[Profile] Avg ms/step | Load: 20.415 (Prep: 17.338, Struc: 1.661, Fetch: 1.417) | Fwd: 53.410 | Bwd: 65.186 | Opt: 0.512 | GPU_Tot: 122.185
[Throughput] Samples: 28778.19 samples/s (28625.33) | Edges: 15681086.64 edges/s (15595832.83)
[Step=0520] Wall=97.8165s | Loss=0.5120
[Profile] Avg ms/step | Load: 21.490 (Prep: 18.410, Struc: 1.664, Fetch: 1.416) | Fwd: 53.379 | Bwd: 65.193 | Opt: 0.510 | GPU_Tot: 122.163
[Throughput] Samples: 28549.97 samples/s (27111.95) | Edges: 15557228.05 edges/s (14775893.51)
[Step=0560] Wall=103.5746s | Loss=0.5481
[Profile] Avg ms/step | Load: 21.746 (Prep: 18.667, Struc: 1.662, Fetch: 1.417) | Fwd: 53.356 | Bwd: 65.201 | Opt: 0.510 | GPU_Tot: 122.145
[Throughput] Samples: 28490.04 samples/s (27490.90) | Edges: 15524222.12 edges/s (14978172.69)
[Step=0600] Wall=109.6319s | Loss=0.5178
[Profile] Avg ms/step | Load: 22.477 (Prep: 19.397, Struc: 1.663, Fetch: 1.417) | Fwd: 53.336 | Bwd: 65.204 | Opt: 0.509 | GPU_Tot: 122.129
[Throughput] Samples: 28336.59 samples/s (26820.35) | Edges: 15440660.85 edges/s (14614237.28)
[Step=0640] Wall=115.5876s | Loss=0.5340
[Profile] Avg ms/step | Load: 22.943 (Prep: 19.864, Struc: 1.662, Fetch: 1.417) | Fwd: 53.323 | Bwd: 65.214 | Opt: 0.509 | GPU_Tot: 122.125
[Throughput] Samples: 28235.89 samples/s (26822.11) | Edges: 15385652.62 edges/s (14614062.99)
[Step=0680] Wall=120.6111s | Loss=0.5839
[Profile] Avg ms/step | Load: 21.765 (Prep: 18.680, Struc: 1.666, Fetch: 1.419) | Fwd: 53.395 | Bwd: 65.337 | Opt: 0.508 | GPU_Tot: 122.324
[Throughput] Samples: 28468.60 samples/s (30297.78) | Edges: 15512641.48 edges/s (16510810.35)
[Step=0720] Wall=126.4479s | Loss=0.5184
[Profile] Avg ms/step | Load: 22.031 (Prep: 18.947, Struc: 1.664, Fetch: 1.419) | Fwd: 53.385 | Bwd: 65.354 | Opt: 0.507 | GPU_Tot: 122.330
[Throughput] Samples: 28404.69 samples/s (28540.90) | Edges: 15477607.79 edges/s (15550452.46)
[Step=0760] Wall=132.5180s | Loss=0.5810
[Profile] Avg ms/step | Load: 22.567 (Prep: 19.483, Struc: 1.664, Fetch: 1.420) | Fwd: 53.379 | Bwd: 65.379 | Opt: 0.507 | GPU_Tot: 122.348
[Throughput] Samples: 28285.67 samples/s (27207.01) | Edges: 15413235.12 edges/s (14829487.83)
[Step=0800] Wall=138.4793s | Loss=0.5717
[Profile] Avg ms/step | Load: 22.910 (Prep: 19.826, Struc: 1.664, Fetch: 1.420) | Fwd: 53.373 | Bwd: 65.402 | Opt: 0.506 | GPU_Tot: 122.365
[Throughput] Samples: 28206.77 samples/s (26961.59) | Edges: 15369901.53 edges/s (14689508.95)
[Step=0840] Wall=144.5384s | Loss=0.5702
[Profile] Avg ms/step | Load: 23.339 (Prep: 20.255, Struc: 1.664, Fetch: 1.420) | Fwd: 53.369 | Bwd: 65.422 | Opt: 0.506 | GPU_Tot: 122.380
[Throughput] Samples: 28112.57 samples/s (26603.76) | Edges: 15318178.65 edges/s (14491026.38)
[Step=0880] Wall=149.5835s | Loss=0.5660
[Profile] Avg ms/step | Load: 22.411 (Prep: 19.325, Struc: 1.664, Fetch: 1.422) | Fwd: 53.430 | Bwd: 65.525 | Opt: 0.506 | GPU_Tot: 122.547
[Throughput] Samples: 28290.80 samples/s (30126.86) | Edges: 15415325.40 edges/s (16414224.11)
[Step=0920] Wall=155.5865s | Loss=0.5290
[Profile] Avg ms/step | Load: 22.746 (Prep: 19.661, Struc: 1.663, Fetch: 1.422) | Fwd: 53.427 | Bwd: 65.550 | Opt: 0.506 | GPU_Tot: 122.568
[Throughput] Samples: 28212.98 samples/s (28017.85) | Edges: 15372922.71 edges/s (15266018.12)
[Step=0960] Wall=161.4860s | Loss=0.5253
[Profile] Avg ms/step | Load: 22.948 (Prep: 19.863, Struc: 1.663, Fetch: 1.422) | Fwd: 53.424 | Bwd: 65.570 | Opt: 0.506 | GPU_Tot: 122.584
[Throughput] Samples: 28163.56 samples/s (27454.36) | Edges: 15345386.71 edges/s (14950956.43)
[Step=1000] Wall=167.5306s | Loss=0.4924
[Profile] Avg ms/step | Load: 23.269 (Prep: 20.182, Struc: 1.664, Fetch: 1.422) | Fwd: 53.425 | Bwd: 65.595 | Opt: 0.506 | GPU_Tot: 122.612
[Throughput] Samples: 28089.41 samples/s (26838.87) | Edges: 15305377.37 edges/s (14625859.99)
------------------------------------------------------------
Training Completed. Total Steps: 1000 (Active: 990)
Avg Breakdown (ms): Load=23.269 [Prep:20.182, Struc:1.664, Fetch:1.422], Fwd=53.425, Bwd=65.595, Opt=0.506
------------------------------------------------------------
Checkpoint saved: ./model_dir_gnn/ogbn_products_graphsage/last.pt
2026-01-30 16:20:51 [INFO] Model execution finished.
2026-01-30 16:20:51 [INFO] Model execution process completed successfully.
2026-01-30 16:20:51 [INFO] run_pyg.sh finished successfully.
