2026-02-01 23:32:37 [INFO] Starting PyG GraphSAGE run
2026-02-01 23:32:37 [INFO] Checking for conflicting environment modules
2026-02-01 23:32:37 [INFO] Module 'intelpython/2022.3.1' is loaded. Attempting to unload...
2026-02-01 23:32:37 [INFO] 'intelpython/2022.3.1' unloaded successfully.
2026-02-01 23:32:37 [INFO] Executing model script in: /work/1/AC2/watanuki/gnn-modelzoo-v2.6
2026-02-01 23:32:37 [INFO] Executing: uv run src/cerebras/modelzoo/models/gnn/graphsage_pyg.py --config src/cerebras/modelzoo/models/gnn/configs/params_graphsage_ogbn_arxiv.yaml
[ddp] Single-process mode: device=cuda
[Info] Running in Single-Process mode (CPU or Single GPU).
[Info] Device: cuda
[GraphCache] Caching disabled (0 nodes).
[Step=0020] Wall=24.3825s | Loss=4.6815
[Profile] Avg ms/step | Load: 11.025 (Prep: 0.044, Struc: 0.290, Fetch: 10.692) | Fwd: 8.610 | Bwd: 9.706 | Opt: 0.556 | GPU_Tot: 29.854
[Throughput] Samples: 136509.48 samples/s (136506.00) | Edges: 14471421.31 edges/s (14471366.04)
[Step=0040] Wall=25.0943s | Loss=2.4620
[Profile] Avg ms/step | Load: 15.008 (Prep: 3.568, Struc: 0.292, Fetch: 11.148) | Fwd: 8.492 | Bwd: 9.559 | Opt: 0.566 | GPU_Tot: 30.057
[Throughput] Samples: 118205.90 samples/s (120897.06) | Edges: 12642243.20 edges/s (12911266.81)
[Step=0060] Wall=25.8399s | Loss=1.9022
[Profile] Avg ms/step | Load: 16.485 (Prep: 4.837, Struc: 0.292, Fetch: 11.357) | Fwd: 8.466 | Bwd: 9.525 | Opt: 0.568 | GPU_Tot: 30.207
[Throughput] Samples: 112815.44 samples/s (111658.25) | Edges: 12070509.95 edges/s (11941204.05)
[Step=0080] Wall=26.5293s | Loss=1.6387
[Profile] Avg ms/step | Load: 16.320 (Prep: 4.618, Struc: 0.290, Fetch: 11.412) | Fwd: 8.454 | Bwd: 9.510 | Opt: 0.567 | GPU_Tot: 30.233
[Throughput] Samples: 113173.14 samples/s (113114.30) | Edges: 12107695.81 edges/s (12097957.25)
[Step=0100] Wall=27.2252s | Loss=1.4770
[Profile] Avg ms/step | Load: 16.299 (Prep: 4.608, Struc: 0.290, Fetch: 11.401) | Fwd: 8.449 | Bwd: 9.503 | Opt: 0.565 | GPU_Tot: 30.208
[Throughput] Samples: 113138.41 samples/s (113055.54) | Edges: 12107352.24 edges/s (12102883.64)
[Step=0120] Wall=27.9187s | Loss=1.3664
[Profile] Avg ms/step | Load: 16.253 (Prep: 4.604, Struc: 0.290, Fetch: 11.359) | Fwd: 8.449 | Bwd: 9.503 | Opt: 0.567 | GPU_Tot: 30.168
[Throughput] Samples: 113188.14 samples/s (113270.32) | Edges: 12121895.49 edges/s (12153834.61)
[Step=0140] Wall=28.6072s | Loss=1.3151
[Profile] Avg ms/step | Load: 16.188 (Prep: 4.579, Struc: 0.289, Fetch: 11.319) | Fwd: 8.448 | Bwd: 9.500 | Opt: 0.567 | GPU_Tot: 30.123
[Throughput] Samples: 113349.32 samples/s (113856.69) | Edges: 12139885.61 edges/s (12205618.96)
[Step=0160] Wall=29.2392s | Loss=1.2733
[Profile] Avg ms/step | Load: 15.706 (Prep: 4.047, Struc: 0.289, Fetch: 11.370) | Fwd: 8.475 | Bwd: 9.530 | Opt: 0.565 | GPU_Tot: 30.229
[Throughput] Samples: 115342.22 samples/s (123308.00) | Edges: 12341048.53 edges/s (13150926.69)
[Step=0180] Wall=29.9425s | Loss=1.2420
[Profile] Avg ms/step | Load: 15.807 (Prep: 4.175, Struc: 0.289, Fetch: 11.342) | Fwd: 8.470 | Bwd: 9.524 | Opt: 0.568 | GPU_Tot: 30.193
[Throughput] Samples: 114921.51 samples/s (116425.15) | Edges: 12296991.34 edges/s (12444735.62)
[Step=0200] Wall=30.6480s | Loss=1.2056
[Profile] Avg ms/step | Load: 15.900 (Prep: 4.326, Struc: 0.289, Fetch: 11.284) | Fwd: 8.466 | Bwd: 9.519 | Opt: 0.567 | GPU_Tot: 30.126
[Throughput] Samples: 114552.73 samples/s (113463.78) | Edges: 12260611.47 edges/s (12152943.05)
[Step=0220] Wall=31.3544s | Loss=1.2060
[Profile] Avg ms/step | Load: 15.981 (Prep: 4.427, Struc: 0.289, Fetch: 11.265) | Fwd: 8.463 | Bwd: 9.515 | Opt: 0.567 | GPU_Tot: 30.098
[Throughput] Samples: 114241.57 samples/s (112195.15) | Edges: 12228201.44 edges/s (12017348.94)
[Step=0240] Wall=32.0462s | Loss=1.1677
[Profile] Avg ms/step | Load: 15.982 (Prep: 4.380, Struc: 0.289, Fetch: 11.312) | Fwd: 8.461 | Bwd: 9.513 | Opt: 0.567 | GPU_Tot: 30.142
[Throughput] Samples: 114193.38 samples/s (113090.20) | Edges: 12224266.96 edges/s (12116691.75)
[Step=0260] Wall=32.7513s | Loss=1.1571
[Profile] Avg ms/step | Load: 16.039 (Prep: 4.428, Struc: 0.289, Fetch: 11.322) | Fwd: 8.458 | Bwd: 9.509 | Opt: 0.567 | GPU_Tot: 30.144
[Throughput] Samples: 113979.00 samples/s (112170.57) | Edges: 12200529.38 edges/s (12006116.14)
[Step=0280] Wall=33.4598s | Loss=1.1428
[Profile] Avg ms/step | Load: 16.099 (Prep: 4.481, Struc: 0.289, Fetch: 11.329) | Fwd: 8.455 | Bwd: 9.507 | Opt: 0.567 | GPU_Tot: 30.147
[Throughput] Samples: 113754.51 samples/s (111472.96) | Edges: 12176978.51 edges/s (11935749.88)
[Step=0300] Wall=34.1428s | Loss=1.1319
[Profile] Avg ms/step | Load: 16.062 (Prep: 4.486, Struc: 0.289, Fetch: 11.286) | Fwd: 8.454 | Bwd: 9.505 | Opt: 0.567 | GPU_Tot: 30.102
[Throughput] Samples: 113849.43 samples/s (113680.72) | Edges: 12188488.15 edges/s (12182203.74)
[Step=0320] Wall=34.7806s | Loss=1.1163
[Profile] Avg ms/step | Load: 15.856 (Prep: 4.260, Struc: 0.289, Fetch: 11.307) | Fwd: 8.466 | Bwd: 9.519 | Opt: 0.566 | GPU_Tot: 30.147
[Throughput] Samples: 114720.08 samples/s (122545.08) | Edges: 12275660.94 edges/s (13063376.00)
[Step=0340] Wall=35.4763s | Loss=1.1055
[Profile] Avg ms/step | Load: 15.879 (Prep: 4.289, Struc: 0.289, Fetch: 11.301) | Fwd: 8.464 | Bwd: 9.517 | Opt: 0.565 | GPU_Tot: 30.135
[Throughput] Samples: 114618.04 samples/s (116847.50) | Edges: 12265747.57 edges/s (12493334.81)
[Step=0360] Wall=36.1874s | Loss=1.1068
[Profile] Avg ms/step | Load: 15.943 (Prep: 4.354, Struc: 0.289, Fetch: 11.299) | Fwd: 8.462 | Bwd: 9.514 | Opt: 0.564 | GPU_Tot: 30.129
[Throughput] Samples: 114382.53 samples/s (113104.39) | Edges: 12241282.08 edges/s (12106898.00)
[Step=0380] Wall=36.8690s | Loss=1.0863
[Profile] Avg ms/step | Load: 15.919 (Prep: 4.337, Struc: 0.290, Fetch: 11.292) | Fwd: 8.461 | Bwd: 9.513 | Opt: 0.564 | GPU_Tot: 30.118
[Throughput] Samples: 114436.38 samples/s (114477.35) | Edges: 12248165.11 edges/s (12265000.95)
[Step=0400] Wall=37.5802s | Loss=1.0817
[Profile] Avg ms/step | Load: 15.973 (Prep: 4.410, Struc: 0.289, Fetch: 11.274) | Fwd: 8.459 | Bwd: 9.511 | Opt: 0.563 | GPU_Tot: 30.097
[Throughput] Samples: 114234.08 samples/s (112149.03) | Edges: 12227235.37 edges/s (12016558.63)
[Step=0420] Wall=38.2846s | Loss=1.0786
[Profile] Avg ms/step | Load: 16.007 (Prep: 4.461, Struc: 0.290, Fetch: 11.256) | Fwd: 8.458 | Bwd: 9.509 | Opt: 0.563 | GPU_Tot: 30.076
[Throughput] Samples: 114105.90 samples/s (111849.56) | Edges: 12214056.56 edges/s (11983548.26)
[Step=0440] Wall=38.9643s | Loss=1.0681
[Profile] Avg ms/step | Load: 15.977 (Prep: 4.439, Struc: 0.289, Fetch: 11.249) | Fwd: 8.458 | Bwd: 9.508 | Opt: 0.563 | GPU_Tot: 30.068
[Throughput] Samples: 114179.72 samples/s (114173.25) | Edges: 12223162.33 edges/s (12241479.11)
[Step=0460] Wall=39.5521s | Loss=1.0554
[Profile] Avg ms/step | Load: 15.749 (Prep: 4.249, Struc: 0.289, Fetch: 11.210) | Fwd: 8.457 | Bwd: 9.507 | Opt: 0.562 | GPU_Tot: 30.026
[Throughput] Samples: 114925.37 samples/s (125950.89) | Edges: 12303977.75 edges/s (13506566.25)
[Step=0480] Wall=40.2551s | Loss=1.0517
[Profile] Avg ms/step | Load: 15.764 (Prep: 4.201, Struc: 0.290, Fetch: 11.273) | Fwd: 8.466 | Bwd: 9.516 | Opt: 0.562 | GPU_Tot: 30.107
[Throughput] Samples: 114995.37 samples/s (120301.89) | Edges: 12306969.85 edges/s (12826317.90)
[Step=0500] Wall=40.9752s | Loss=1.0433
[Profile] Avg ms/step | Load: 15.831 (Prep: 4.272, Struc: 0.290, Fetch: 11.269) | Fwd: 8.465 | Bwd: 9.515 | Opt: 0.562 | GPU_Tot: 30.100
[Throughput] Samples: 114749.04 samples/s (113650.93) | Edges: 12281783.38 edges/s (12160223.21)
------------------------------------------------------------
Training Completed. Total Steps: 500 (Active: 490)
Avg Breakdown (ms): Load=15.831 [Prep:4.272, Struc:0.290, Fetch:11.269], Fwd=8.465, Bwd=9.515, Opt=0.562
------------------------------------------------------------
Checkpoint saved: ./model_dir_gnn/ogbn_arxiv_graphsage/last.pt
2026-02-01 23:37:58 [INFO] Model execution finished.
2026-02-01 23:37:58 [INFO] Model execution process completed successfully.
2026-02-01 23:37:58 [INFO] run_pyg.sh finished successfully.
