2026-01-30 02:18:38 [INFO] Starting PyG GraphSAGE run
2026-01-30 02:18:38 [INFO] Checking for conflicting environment modules
2026-01-30 02:18:39 [INFO] Module 'intelpython/2022.3.1' is loaded. Attempting to unload...
2026-01-30 02:18:39 [INFO] 'intelpython/2022.3.1' unloaded successfully.
2026-01-30 02:18:39 [INFO] Executing model script in: /work/1/AC2/watanuki/gnn-modelzoo-v2.6
2026-01-30 02:18:39 [INFO] Executing: uv run src/cerebras/modelzoo/models/gnn/graphsage_pyg.py --config src/cerebras/modelzoo/models/gnn/configs/params_graphsage_ogbn_mag.yaml
[ddp] Single-process mode: device=cuda
[Info] Running in Single-Process mode (CPU or Single GPU).
[Info] Device: cuda
[GraphCache] Auto-detected memory. Free: 84.55GB. Target Cache: 100.0%
[GraphCache] Caching 736389 / 736389 nodes (100.0%) on cuda...
[GraphCache] Moving features to GPU...
[GraphCache] Layout complete. Cached features size: torch.Size([736389, 128])
[Step=0100] Wall=32.9207s | Loss=4.0193
[Profile] Avg ms/step | Load: 2.173 (Prep: 0.595, Struc: 0.676, Fetch: 0.903) | Fwd: 25.273 | Bwd: 32.997 | Opt: 0.621 | GPU_Tot: 60.469
[Throughput] Samples: 66974.09 samples/s (66973.99) | Edges: 17274360.42 edges/s (17274356.46)
[Step=0200] Wall=39.5279s | Loss=3.0491
[Profile] Avg ms/step | Load: 4.765 (Prep: 3.139, Struc: 0.725, Fetch: 0.901) | Fwd: 25.272 | Bwd: 33.017 | Opt: 0.604 | GPU_Tot: 60.518
[Throughput] Samples: 64156.32 samples/s (63874.98) | Edges: 16562890.38 edges/s (16491858.59)
[Step=0300] Wall=45.6571s | Loss=2.8874
[Profile] Avg ms/step | Load: 3.865 (Prep: 2.218, Struc: 0.747, Fetch: 0.900) | Fwd: 25.291 | Bwd: 33.049 | Opt: 0.610 | GPU_Tot: 60.598
[Throughput] Samples: 65053.84 samples/s (65646.42) | Edges: 16792515.42 edges/s (16944499.47)
[Step=0400] Wall=52.2177s | Loss=2.8011
[Profile] Avg ms/step | Load: 4.514 (Prep: 2.881, Struc: 0.731, Fetch: 0.902) | Fwd: 25.307 | Bwd: 33.070 | Opt: 0.617 | GPU_Tot: 60.627
[Throughput] Samples: 64311.71 samples/s (63607.57) | Edges: 16602506.63 edges/s (16422328.59)
[Step=0500] Wall=58.7491s | Loss=2.7488
[Profile] Avg ms/step | Load: 4.859 (Prep: 3.215, Struc: 0.742, Fetch: 0.902) | Fwd: 25.310 | Bwd: 33.081 | Opt: 0.609 | GPU_Tot: 60.644
[Throughput] Samples: 63939.70 samples/s (62959.27) | Edges: 16506662.81 edges/s (16254564.95)
[Step=0600] Wall=64.8860s | Loss=2.7118
[Profile] Avg ms/step | Load: 4.393 (Prep: 2.744, Struc: 0.748, Fetch: 0.902) | Fwd: 25.318 | Bwd: 33.098 | Opt: 0.615 | GPU_Tot: 60.681
[Throughput] Samples: 64399.01 samples/s (65230.16) | Edges: 16624170.53 edges/s (16836298.96)
[Step=0700] Wall=71.4789s | Loss=2.6778
[Profile] Avg ms/step | Load: 4.733 (Prep: 3.093, Struc: 0.737, Fetch: 0.903) | Fwd: 25.316 | Bwd: 33.102 | Opt: 0.624 | GPU_Tot: 60.681
[Throughput] Samples: 64031.56 samples/s (63258.01) | Edges: 16530570.86 edges/s (16333689.43)
[Step=0800] Wall=77.9578s | Loss=2.6589
[Profile] Avg ms/step | Load: 4.855 (Prep: 3.207, Struc: 0.745, Fetch: 0.902) | Fwd: 25.314 | Bwd: 33.108 | Opt: 0.618 | GPU_Tot: 60.688
[Throughput] Samples: 63903.67 samples/s (63123.52) | Edges: 16498602.00 edges/s (16302185.35)
[Step=0900] Wall=84.1086s | Loss=2.6466
[Profile] Avg ms/step | Load: 4.554 (Prep: 2.905, Struc: 0.746, Fetch: 0.902) | Fwd: 25.324 | Bwd: 33.125 | Opt: 0.617 | GPU_Tot: 60.714
[Throughput] Samples: 64195.41 samples/s (65205.01) | Edges: 16573543.08 edges/s (16834474.23)
[Step=1000] Wall=90.8246s | Loss=2.6249
[Profile] Avg ms/step | Load: 4.875 (Prep: 3.231, Struc: 0.741, Fetch: 0.903) | Fwd: 25.333 | Bwd: 33.135 | Opt: 0.625 | GPU_Tot: 60.738
[Throughput] Samples: 63836.58 samples/s (62566.55) | Edges: 16480716.44 edges/s (16152073.55)
[Step=1100] Wall=97.3553s | Loss=2.6114
[Profile] Avg ms/step | Load: 4.982 (Prep: 3.331, Struc: 0.748, Fetch: 0.903) | Fwd: 25.340 | Bwd: 33.145 | Opt: 0.621 | GPU_Tot: 60.756
[Throughput] Samples: 63714.89 samples/s (62546.65) | Edges: 16449882.04 edges/s (16151131.47)
[Step=1200] Wall=103.5256s | Loss=2.5992
[Profile] Avg ms/step | Load: 4.745 (Prep: 3.096, Struc: 0.746, Fetch: 0.903) | Fwd: 25.353 | Bwd: 33.164 | Opt: 0.620 | GPU_Tot: 60.786
[Throughput] Samples: 63931.23 samples/s (64848.68) | Edges: 16505994.43 edges/s (16745666.75)
[Step=1300] Wall=110.1600s | Loss=2.5882
[Profile] Avg ms/step | Load: 4.908 (Prep: 3.262, Struc: 0.742, Fetch: 0.904) | Fwd: 25.362 | Bwd: 33.176 | Opt: 0.620 | GPU_Tot: 60.805
[Throughput] Samples: 63740.73 samples/s (62872.76) | Edges: 16456939.18 edges/s (16234779.12)
[Step=1400] Wall=116.7169s | Loss=2.5859
[Profile] Avg ms/step | Load: 4.997 (Prep: 3.346, Struc: 0.748, Fetch: 0.903) | Fwd: 25.370 | Bwd: 33.188 | Opt: 0.617 | GPU_Tot: 60.826
[Throughput] Samples: 63633.77 samples/s (62519.48) | Edges: 16428842.99 edges/s (16138483.38)
[Step=1500] Wall=122.9059s | Loss=2.5768
[Profile] Avg ms/step | Load: 4.804 (Prep: 3.155, Struc: 0.745, Fetch: 0.904) | Fwd: 25.384 | Bwd: 33.207 | Opt: 0.619 | GPU_Tot: 60.859
[Throughput] Samples: 63798.90 samples/s (64716.67) | Edges: 16471635.00 edges/s (16708836.63)
[Step=1600] Wall=129.4848s | Loss=2.5616
[Profile] Avg ms/step | Load: 4.891 (Prep: 3.242, Struc: 0.744, Fetch: 0.904) | Fwd: 25.392 | Bwd: 33.219 | Opt: 0.619 | GPU_Tot: 60.879
[Throughput] Samples: 63687.83 samples/s (63132.13) | Edges: 16442514.99 edges/s (16295444.05)
[Step=1700] Wall=136.1942s | Loss=2.5657
[Profile] Avg ms/step | Load: 5.043 (Prep: 3.390, Struc: 0.748, Fetch: 0.904) | Fwd: 25.403 | Bwd: 33.232 | Opt: 0.616 | GPU_Tot: 60.904
[Throughput] Samples: 63513.89 samples/s (61773.50) | Edges: 16398192.60 edges/s (15952534.74)
[Step=1800] Wall=142.3988s | Loss=2.5552
[Profile] Avg ms/step | Load: 4.883 (Prep: 3.233, Struc: 0.745, Fetch: 0.905) | Fwd: 25.416 | Bwd: 33.248 | Opt: 0.617 | GPU_Tot: 60.931
[Throughput] Samples: 63648.88 samples/s (64318.73) | Edges: 16433269.54 edges/s (16609953.42)
[Step=1900] Wall=149.1447s | Loss=2.5488
[Profile] Avg ms/step | Load: 5.035 (Prep: 3.385, Struc: 0.745, Fetch: 0.905) | Fwd: 25.424 | Bwd: 33.259 | Opt: 0.617 | GPU_Tot: 60.951
[Throughput] Samples: 63476.52 samples/s (62050.65) | Edges: 16388812.13 edges/s (16022608.07)
[Step=2000] Wall=155.3299s | Loss=2.5530
[Profile] Avg ms/step | Load: 4.887 (Prep: 3.233, Struc: 0.749, Fetch: 0.905) | Fwd: 25.433 | Bwd: 33.273 | Opt: 0.615 | GPU_Tot: 60.975
[Throughput] Samples: 63609.28 samples/s (64553.49) | Edges: 16423164.22 edges/s (16668579.60)
[Step=2100] Wall=162.0924s | Loss=2.5405
[Profile] Avg ms/step | Load: 5.026 (Prep: 3.375, Struc: 0.745, Fetch: 0.906) | Fwd: 25.441 | Bwd: 33.285 | Opt: 0.617 | GPU_Tot: 60.993
[Throughput] Samples: 63447.64 samples/s (62055.54) | Edges: 16381816.38 edges/s (16027259.57)
[Step=2200] Wall=168.7492s | Loss=2.5341
[Profile] Avg ms/step | Load: 5.106 (Prep: 3.454, Struc: 0.746, Fetch: 0.906) | Fwd: 25.447 | Bwd: 33.295 | Opt: 0.617 | GPU_Tot: 61.011
[Throughput] Samples: 63348.81 samples/s (61631.77) | Edges: 16356970.65 edges/s (15923487.02)
[Step=2300] Wall=174.9446s | Loss=2.5390
[Profile] Avg ms/step | Load: 4.975 (Prep: 3.321, Struc: 0.748, Fetch: 0.906) | Fwd: 25.455 | Bwd: 33.309 | Opt: 0.615 | GPU_Tot: 61.033
[Throughput] Samples: 63464.88 samples/s (64320.39) | Edges: 16386027.82 edges/s (16598727.11)
[Step=2400] Wall=181.7163s | Loss=2.5287
[Profile] Avg ms/step | Load: 5.094 (Prep: 3.443, Struc: 0.744, Fetch: 0.906) | Fwd: 25.462 | Bwd: 33.318 | Opt: 0.616 | GPU_Tot: 61.048
[Throughput] Samples: 63326.32 samples/s (61912.77) | Edges: 16351341.39 edges/s (15996890.58)
[Step=2500] Wall=188.4395s | Loss=2.5270
[Profile] Avg ms/step | Load: 5.191 (Prep: 3.538, Struc: 0.747, Fetch: 0.906) | Fwd: 25.467 | Bwd: 33.325 | Opt: 0.615 | GPU_Tot: 61.061
[Throughput] Samples: 63218.47 samples/s (61211.06) | Edges: 16323408.04 edges/s (15808150.12)
------------------------------------------------------------
Training Completed. Total Steps: 2500 (Active: 2490)
Avg Breakdown (ms): Load=5.191 [Prep:3.538, Struc:0.747, Fetch:0.906], Fwd=25.467, Bwd=33.325, Opt=0.615
------------------------------------------------------------
Checkpoint saved: ./model_dir_gnn/ogbn_mag_graphsage/last.pt
2026-01-30 02:26:10 [INFO] Model execution finished.
2026-01-30 02:26:10 [INFO] Model execution process completed successfully.
2026-01-30 02:26:10 [INFO] run_pyg.sh finished successfully.
